<?xml version="1.0" encoding="UTF-8"?>
<!-- Generated by org.testng.reporters.JUnitReportReporter -->
<testsuite hostname="DESKTOP-JQJ5R9C" failures="0" tests="5" name="runner.Runner" time="51.306" errors="0" timestamp="2023-05-25T11:05:59 IST" skipped="0">
  <testcase classname="runner.Runner" name="runScenario" time="6.362"/>
  <system-out/>
  <testcase classname="runner.Runner" name="runScenario" time="12.902"/>
  <system-out/>
  <testcase classname="runner.Runner" name="runScenario" time="10.177"/>
  <system-out/>
  <testcase classname="runner.Runner" name="runScenario" time="5.847"/>
  <system-out/>
  <testcase classname="runner.Runner" name="runScenario" time="16.018"/>
  <system-out/>
</testsuite> <!-- runner.Runner -->
