<?xml version="1.0" encoding="UTF-8"?>
<!-- Generated by org.testng.reporters.JUnitReportReporter -->
<testsuite hostname="DESKTOP-JQJ5R9C" failures="0" tests="5" name="runner.Runner" time="59.304" errors="0" timestamp="2024-08-19T14:21:44 IST" skipped="0">
  <testcase classname="runner.Runner" name="runScenario" time="8.649"/>
  <system-out/>
  <testcase classname="runner.Runner" name="runScenario" time="15.800"/>
  <system-out/>
  <testcase classname="runner.Runner" name="runScenario" time="11.345"/>
  <system-out/>
  <testcase classname="runner.Runner" name="runScenario" time="15.645"/>
  <system-out/>
  <testcase classname="runner.Runner" name="runScenario" time="7.865"/>
  <system-out/>
</testsuite> <!-- runner.Runner -->
