<?xml version="1.0" encoding="UTF-8"?>
<!-- Generated by org.testng.reporters.JUnitReportReporter -->
<testsuite hostname="LAPTOP-CCSEU8BT" failures="0" tests="2" name="org.testleaf.testcases.TC001_LoginPage" time="23.243" errors="0" timestamp="2022-11-08T17:03:16 IST" skipped="0">
  <testcase classname="org.testleaf.testcases.TC001_LoginPage" name="runLogin" time="4.414"/>
  <system-out/>
  <testcase classname="org.testleaf.testcases.TC001_LoginPage" name="runLogin" time="18.829"/>
  <system-out/>
</testsuite> <!-- org.testleaf.testcases.TC001_LoginPage -->
