<?xml version="1.0" encoding="UTF-8"?>
<!-- Generated by org.testng.reporters.JUnitReportReporter -->
<testsuite hostname="DESKTOP-JQJ5R9C" failures="0" tests="4" name="runner.TestRunner" time="19.461" errors="0" timestamp="2023-05-11T12:12:48 IST" skipped="0">
  <testcase classname="runner.TestRunner" name="runScenario" time="4.483"/>
  <system-out/>
  <testcase classname="runner.TestRunner" name="runScenario" time="5.501"/>
  <system-out/>
  <testcase classname="runner.TestRunner" name="runScenario" time="4.160"/>
  <system-out/>
  <testcase classname="runner.TestRunner" name="runScenario" time="5.317"/>
  <system-out/>
</testsuite> <!-- runner.TestRunner -->
